22-Mar-2025 14:33:09.358 INFO [main] org.apache.catalina.startup.VersionLoggerListener.log Server version name:   Apache Tomcat/10.1.39
22-Mar-2025 14:33:09.361 INFO [main] org.apache.catalina.startup.VersionLoggerListener.log Server built:          Mar 4 2025 19:02:32 UTC
22-Mar-2025 14:33:09.362 INFO [main] org.apache.catalina.startup.VersionLoggerListener.log Server version number: 10.1.39.0
22-Mar-2025 14:33:09.362 INFO [main] org.apache.catalina.startup.VersionLoggerListener.log OS Name:               Windows 11
22-Mar-2025 14:33:09.362 INFO [main] org.apache.catalina.startup.VersionLoggerListener.log OS Version:            10.0
22-Mar-2025 14:33:09.362 INFO [main] org.apache.catalina.startup.VersionLoggerListener.log Architecture:          amd64
22-Mar-2025 14:33:09.362 INFO [main] org.apache.catalina.startup.VersionLoggerListener.log Java Home:             C:\Program Files\Java\jdk-20
22-Mar-2025 14:33:09.362 INFO [main] org.apache.catalina.startup.VersionLoggerListener.log JVM Version:           20.0.1+9-29
22-Mar-2025 14:33:09.362 INFO [main] org.apache.catalina.startup.VersionLoggerListener.log JVM Vendor:            Oracle Corporation
22-Mar-2025 14:33:09.363 INFO [main] org.apache.catalina.startup.VersionLoggerListener.log CATALINA_BASE:         C:\Users\Shekh\Desktop\hotel_site\Java\Tomcat
22-Mar-2025 14:33:09.363 INFO [main] org.apache.catalina.startup.VersionLoggerListener.log CATALINA_HOME:         C:\Program Files\Apache Software Foundation\Tomcat 10.1
22-Mar-2025 14:33:09.369 INFO [main] org.apache.catalina.startup.VersionLoggerListener.log Command line argument: --add-opens=java.base/java.lang=ALL-UNNAMED
22-Mar-2025 14:33:09.370 INFO [main] org.apache.catalina.startup.VersionLoggerListener.log Command line argument: --add-opens=java.base/java.io=ALL-UNNAMED
22-Mar-2025 14:33:09.370 INFO [main] org.apache.catalina.startup.VersionLoggerListener.log Command line argument: --add-opens=java.base/java.util=ALL-UNNAMED
22-Mar-2025 14:33:09.370 INFO [main] org.apache.catalina.startup.VersionLoggerListener.log Command line argument: --add-opens=java.base/java.util.concurrent=ALL-UNNAMED
22-Mar-2025 14:33:09.370 INFO [main] org.apache.catalina.startup.VersionLoggerListener.log Command line argument: --add-opens=java.rmi/sun.rmi.transport=ALL-UNNAMED
22-Mar-2025 14:33:09.370 INFO [main] org.apache.catalina.startup.VersionLoggerListener.log Command line argument: -Dcatalina.home=C:\Program Files\Apache Software Foundation\Tomcat 10.1
22-Mar-2025 14:33:09.370 INFO [main] org.apache.catalina.startup.VersionLoggerListener.log Command line argument: -Dcatalina.base=C:\Users\Shekh\Desktop\hotel_site\Java\Tomcat
22-Mar-2025 14:33:09.370 INFO [main] org.apache.catalina.startup.VersionLoggerListener.log Command line argument: -Djava.io.tmpdir=C:\Users\Shekh\Desktop\hotel_site\Java\Tomcat\temp
22-Mar-2025 14:33:09.370 INFO [main] org.apache.catalina.startup.VersionLoggerListener.log Command line argument: -Djava.util.logging.config.file=C:\Users\Shekh\Desktop\hotel_site\Java\Tomcat\conf\logging.properties
22-Mar-2025 14:33:09.370 INFO [main] org.apache.catalina.startup.VersionLoggerListener.log Command line argument: -Djava.util.logging.manager=org.apache.juli.ClassLoaderLogManager
22-Mar-2025 14:33:09.370 INFO [main] org.apache.catalina.startup.VersionLoggerListener.log Command line argument: -javaagent:C:\Program Files\JetBrains\IntelliJ IDEA Community Edition 2024.3.5\lib\idea_rt.jar=63401
22-Mar-2025 14:33:09.370 INFO [main] org.apache.catalina.startup.VersionLoggerListener.log Command line argument: -Dfile.encoding=UTF-8
22-Mar-2025 14:33:09.370 INFO [main] org.apache.catalina.startup.VersionLoggerListener.log Command line argument: -Dsun.stdout.encoding=UTF-8
22-Mar-2025 14:33:09.370 INFO [main] org.apache.catalina.startup.VersionLoggerListener.log Command line argument: -Dsun.stderr.encoding=UTF-8
22-Mar-2025 14:33:09.379 INFO [main] org.apache.catalina.core.AprLifecycleListener.lifecycleEvent The Apache Tomcat Native library which allows using OpenSSL was not found on the java.library.path: [C:\Program Files\Java\jdk-20\bin;C:\WINDOWS\Sun\Java\bin;C:\WINDOWS\system32;C:\WINDOWS;C:\Program Files\NVIDIA GPU Computing Toolkit\CUDA\v12.6\bin;C:\Program Files\NVIDIA GPU Computing Toolkit\CUDA\v12.6\libnvvp;C:\Program Files (x86)\Razer Chroma SDK\bin;C:\Program Files\Razer Chroma SDK\bin;C:\Program Files (x86)\Razer\ChromaBroadcast\bin;C:\Program Files\Razer\ChromaBroadcast\bin;C:\Program Files\Common Files\Oracle\Java\javapath;C:\WINDOWS\system32;C:\WINDOWS;C:\WINDOWS\System32\Wbem;C:\WINDOWS\System32\WindowsPowerShell\v1.0\;C:\WINDOWS\System32\OpenSSH\;C:\Program Files\dotnet\;C:\Program Files (x86)\NVIDIA Corporation\PhysX\Common;C:\Program Files\IVI Foundation\VISA\Win64\bin;C:\Program Files (x86)\IVI Foundation\VISA\WinNT\bin;C:\Program Files (x86)\IVI Foundation\IVI\Bin\;C:\Program Files\IVI Foundation\IVI\Bin\;C:\Program Files (x86)\IVI Foundation\VISA\WinNT\Bin\;C:\Program Files\IVI Foundation\VISA\Win64\Bin\;C:\WINDOWS\system32\config\systemprofile\AppData\Local\Microsoft\WindowsApps;C:\Users\Shekh\AppData\Local\Programs\Python\Python311\Scripts\;C:\Users\Shekh\AppData\Local\Programs\Python\Python311\;C:\Users\Shekh\AppData\Local\Microsoft\WindowsApps;C:\Users\Shekh\AppData\Local\Programs\Microsoft VS Code\bin;C:\msys64\mingw64\bin;C:\intelFPGA\18.1\modelsim_ase\win32aloem;C:\Users\Shekh\AppData\Local\GitHubDesktop\bin;C:\altera\13.1\modelsim_ase\win32aloem;C:\Users\Shekh\Documents\ytdl;C:\Users\Shekh\.dotnet\tools;C:\Program Files\Git\cmd;C;C:\Program Files\Go\bin;C:\Program Files\NVIDIA Corporation\Nsight Compute 2024.3.1\;C:\Program Files (x86)\Windows Kits\10\Windows Performance Toolkit\;C:\Program Files\Docker\Docker\resources\bin;C:\Program Files\NVIDIA Corporation\NVIDIA app\NvDLISR;C:\Program Files\MATLAB\MATLAB Production Server\R2015a\bin;C:\Program Files\nodejs\;C:\Program Files\MySQL\MySQL Shell 8.0\bin\;C:\Users\Shekh\AppData\Local\Programs\Python\Python311\Scripts\;C:\Users\Shekh\AppData\Local\Programs\Python\Python311\;C:\Users\Shekh\AppData\Local\Microsoft\WindowsApps;C:\Users\Shekh\AppData\Local\Programs\Microsoft VS Code\bin;C:\intelFPGA\18.1\modelsim_ase\win32aloem;C:\Users\Shekh\AppData\Local\GitHubDesktop\bin;C:\altera\13.1\modelsim_ase\win32aloem;C:\Users\Shekh\Documents\ytdl;C:\Users\Shekh\go\bin;C:\msys64\ucrt64\bin;C:\Program Files\CMake\bin;C:\Program Files\swipl\bin;C:\Program Files\Microsoft Visual Studio\2022\Community\VC\Tools\MSVC\14.37.32822\bin\Hostx64\x64;C:\Users\Shekh\.dotnet\tools;C:\Program Files\Microsoft Visual Studio\2022\Community\VC\Tools\MSVC\14.41.34120\bin\Hostx64\x64;;C:\Users\Shekh\AppData\Local\spicetify;C:\Users\Shekh\AppData\Roaming\npm;.]
22-Mar-2025 14:33:09.555 INFO [main] org.apache.coyote.AbstractProtocol.init Initializing ProtocolHandler ["http-nio-8080"]
22-Mar-2025 14:33:09.567 INFO [main] org.apache.catalina.startup.Catalina.load Server initialization in [323] milliseconds
22-Mar-2025 14:33:09.616 INFO [main] org.apache.catalina.core.StandardService.startInternal Starting service [Catalina]
22-Mar-2025 14:33:09.616 INFO [main] org.apache.catalina.core.StandardEngine.startInternal Starting Servlet engine: [Apache Tomcat/10.1.39]
22-Mar-2025 14:33:09.623 INFO [main] org.apache.catalina.startup.HostConfig.deployDescriptor Deploying deployment descriptor [C:\Users\Shekh\Desktop\hotel_site\Java\Tomcat\conf\Catalina\localhost\webapp.xml]
22-Mar-2025 14:33:09.849 INFO [main] org.apache.catalina.startup.HostConfig.deployDescriptor Deployment of deployment descriptor [C:\Users\Shekh\Desktop\hotel_site\Java\Tomcat\conf\Catalina\localhost\webapp.xml] has finished in [226] ms
22-Mar-2025 14:33:09.851 INFO [main] org.apache.coyote.AbstractProtocol.start Starting ProtocolHandler ["http-nio-8080"]
22-Mar-2025 14:33:09.875 INFO [main] org.apache.catalina.startup.Catalina.start Server startup in [307] milliseconds
22-Mar-2025 14:33:25.343 INFO [Thread-1] org.apache.coyote.AbstractProtocol.pause Pausing ProtocolHandler ["http-nio-8080"]
22-Mar-2025 14:33:25.356 INFO [Thread-1] org.apache.catalina.core.StandardService.stopInternal Stopping service [Catalina]
22-Mar-2025 14:33:25.363 INFO [Thread-1] org.apache.coyote.AbstractProtocol.stop Stopping ProtocolHandler ["http-nio-8080"]
22-Mar-2025 14:33:25.366 INFO [Thread-1] org.apache.coyote.AbstractProtocol.destroy Destroying ProtocolHandler ["http-nio-8080"]
22-Mar-2025 14:34:16.094 INFO [main] org.apache.catalina.startup.VersionLoggerListener.log Server version name:   Apache Tomcat/10.1.39
22-Mar-2025 14:34:16.096 INFO [main] org.apache.catalina.startup.VersionLoggerListener.log Server built:          Mar 4 2025 19:02:32 UTC
22-Mar-2025 14:34:16.096 INFO [main] org.apache.catalina.startup.VersionLoggerListener.log Server version number: 10.1.39.0
22-Mar-2025 14:34:16.096 INFO [main] org.apache.catalina.startup.VersionLoggerListener.log OS Name:               Windows 11
22-Mar-2025 14:34:16.096 INFO [main] org.apache.catalina.startup.VersionLoggerListener.log OS Version:            10.0
22-Mar-2025 14:34:16.096 INFO [main] org.apache.catalina.startup.VersionLoggerListener.log Architecture:          amd64
22-Mar-2025 14:34:16.098 INFO [main] org.apache.catalina.startup.VersionLoggerListener.log Java Home:             C:\Program Files\Java\jdk-20
22-Mar-2025 14:34:16.098 INFO [main] org.apache.catalina.startup.VersionLoggerListener.log JVM Version:           20.0.1+9-29
22-Mar-2025 14:34:16.098 INFO [main] org.apache.catalina.startup.VersionLoggerListener.log JVM Vendor:            Oracle Corporation
22-Mar-2025 14:34:16.098 INFO [main] org.apache.catalina.startup.VersionLoggerListener.log CATALINA_BASE:         C:\Users\Shekh\Desktop\hotel_site\Java\Tomcat
22-Mar-2025 14:34:16.098 INFO [main] org.apache.catalina.startup.VersionLoggerListener.log CATALINA_HOME:         C:\Program Files\Apache Software Foundation\Tomcat 10.1
22-Mar-2025 14:34:16.102 INFO [main] org.apache.catalina.startup.VersionLoggerListener.log Command line argument: --add-opens=java.base/java.lang=ALL-UNNAMED
22-Mar-2025 14:34:16.102 INFO [main] org.apache.catalina.startup.VersionLoggerListener.log Command line argument: --add-opens=java.base/java.io=ALL-UNNAMED
22-Mar-2025 14:34:16.102 INFO [main] org.apache.catalina.startup.VersionLoggerListener.log Command line argument: --add-opens=java.base/java.util=ALL-UNNAMED
22-Mar-2025 14:34:16.102 INFO [main] org.apache.catalina.startup.VersionLoggerListener.log Command line argument: --add-opens=java.base/java.util.concurrent=ALL-UNNAMED
22-Mar-2025 14:34:16.102 INFO [main] org.apache.catalina.startup.VersionLoggerListener.log Command line argument: --add-opens=java.rmi/sun.rmi.transport=ALL-UNNAMED
22-Mar-2025 14:34:16.102 INFO [main] org.apache.catalina.startup.VersionLoggerListener.log Command line argument: -Dcatalina.home=C:\Program Files\Apache Software Foundation\Tomcat 10.1
22-Mar-2025 14:34:16.102 INFO [main] org.apache.catalina.startup.VersionLoggerListener.log Command line argument: -Dcatalina.base=C:\Users\Shekh\Desktop\hotel_site\Java\Tomcat
22-Mar-2025 14:34:16.102 INFO [main] org.apache.catalina.startup.VersionLoggerListener.log Command line argument: -Djava.io.tmpdir=C:\Users\Shekh\Desktop\hotel_site\Java\Tomcat\temp
22-Mar-2025 14:34:16.102 INFO [main] org.apache.catalina.startup.VersionLoggerListener.log Command line argument: -Djava.util.logging.config.file=C:\Users\Shekh\Desktop\hotel_site\Java\Tomcat\conf\logging.properties
22-Mar-2025 14:34:16.102 INFO [main] org.apache.catalina.startup.VersionLoggerListener.log Command line argument: -Djava.util.logging.manager=org.apache.juli.ClassLoaderLogManager
22-Mar-2025 14:34:16.102 INFO [main] org.apache.catalina.startup.VersionLoggerListener.log Command line argument: -javaagent:C:\Program Files\JetBrains\IntelliJ IDEA Community Edition 2024.3.5\lib\idea_rt.jar=63435
22-Mar-2025 14:34:16.102 INFO [main] org.apache.catalina.startup.VersionLoggerListener.log Command line argument: -Dfile.encoding=UTF-8
22-Mar-2025 14:34:16.102 INFO [main] org.apache.catalina.startup.VersionLoggerListener.log Command line argument: -Dsun.stdout.encoding=UTF-8
22-Mar-2025 14:34:16.103 INFO [main] org.apache.catalina.startup.VersionLoggerListener.log Command line argument: -Dsun.stderr.encoding=UTF-8
22-Mar-2025 14:34:16.110 INFO [main] org.apache.catalina.core.AprLifecycleListener.lifecycleEvent The Apache Tomcat Native library which allows using OpenSSL was not found on the java.library.path: [C:\Program Files\Java\jdk-20\bin;C:\WINDOWS\Sun\Java\bin;C:\WINDOWS\system32;C:\WINDOWS;C:\Program Files\NVIDIA GPU Computing Toolkit\CUDA\v12.6\bin;C:\Program Files\NVIDIA GPU Computing Toolkit\CUDA\v12.6\libnvvp;C:\Program Files (x86)\Razer Chroma SDK\bin;C:\Program Files\Razer Chroma SDK\bin;C:\Program Files (x86)\Razer\ChromaBroadcast\bin;C:\Program Files\Razer\ChromaBroadcast\bin;C:\Program Files\Common Files\Oracle\Java\javapath;C:\WINDOWS\system32;C:\WINDOWS;C:\WINDOWS\System32\Wbem;C:\WINDOWS\System32\WindowsPowerShell\v1.0\;C:\WINDOWS\System32\OpenSSH\;C:\Program Files\dotnet\;C:\Program Files (x86)\NVIDIA Corporation\PhysX\Common;C:\Program Files\IVI Foundation\VISA\Win64\bin;C:\Program Files (x86)\IVI Foundation\VISA\WinNT\bin;C:\Program Files (x86)\IVI Foundation\IVI\Bin\;C:\Program Files\IVI Foundation\IVI\Bin\;C:\Program Files (x86)\IVI Foundation\VISA\WinNT\Bin\;C:\Program Files\IVI Foundation\VISA\Win64\Bin\;C:\WINDOWS\system32\config\systemprofile\AppData\Local\Microsoft\WindowsApps;C:\Users\Shekh\AppData\Local\Programs\Python\Python311\Scripts\;C:\Users\Shekh\AppData\Local\Programs\Python\Python311\;C:\Users\Shekh\AppData\Local\Microsoft\WindowsApps;C:\Users\Shekh\AppData\Local\Programs\Microsoft VS Code\bin;C:\msys64\mingw64\bin;C:\intelFPGA\18.1\modelsim_ase\win32aloem;C:\Users\Shekh\AppData\Local\GitHubDesktop\bin;C:\altera\13.1\modelsim_ase\win32aloem;C:\Users\Shekh\Documents\ytdl;C:\Users\Shekh\.dotnet\tools;C:\Program Files\Git\cmd;C;C:\Program Files\Go\bin;C:\Program Files\NVIDIA Corporation\Nsight Compute 2024.3.1\;C:\Program Files (x86)\Windows Kits\10\Windows Performance Toolkit\;C:\Program Files\Docker\Docker\resources\bin;C:\Program Files\NVIDIA Corporation\NVIDIA app\NvDLISR;C:\Program Files\MATLAB\MATLAB Production Server\R2015a\bin;C:\Program Files\nodejs\;C:\Program Files\MySQL\MySQL Shell 8.0\bin\;C:\Users\Shekh\AppData\Local\Programs\Python\Python311\Scripts\;C:\Users\Shekh\AppData\Local\Programs\Python\Python311\;C:\Users\Shekh\AppData\Local\Microsoft\WindowsApps;C:\Users\Shekh\AppData\Local\Programs\Microsoft VS Code\bin;C:\intelFPGA\18.1\modelsim_ase\win32aloem;C:\Users\Shekh\AppData\Local\GitHubDesktop\bin;C:\altera\13.1\modelsim_ase\win32aloem;C:\Users\Shekh\Documents\ytdl;C:\Users\Shekh\go\bin;C:\msys64\ucrt64\bin;C:\Program Files\CMake\bin;C:\Program Files\swipl\bin;C:\Program Files\Microsoft Visual Studio\2022\Community\VC\Tools\MSVC\14.37.32822\bin\Hostx64\x64;C:\Users\Shekh\.dotnet\tools;C:\Program Files\Microsoft Visual Studio\2022\Community\VC\Tools\MSVC\14.41.34120\bin\Hostx64\x64;;C:\Users\Shekh\AppData\Local\spicetify;C:\Users\Shekh\AppData\Roaming\npm;.]
22-Mar-2025 14:34:16.262 INFO [main] org.apache.coyote.AbstractProtocol.init Initializing ProtocolHandler ["http-nio-8080"]
22-Mar-2025 14:34:16.272 INFO [main] org.apache.catalina.startup.Catalina.load Server initialization in [272] milliseconds
22-Mar-2025 14:34:16.314 INFO [main] org.apache.catalina.core.StandardService.startInternal Starting service [Catalina]
22-Mar-2025 14:34:16.314 INFO [main] org.apache.catalina.core.StandardEngine.startInternal Starting Servlet engine: [Apache Tomcat/10.1.39]
22-Mar-2025 14:34:16.322 INFO [main] org.apache.catalina.startup.HostConfig.deployDescriptor Deploying deployment descriptor [C:\Users\Shekh\Desktop\hotel_site\Java\Tomcat\conf\Catalina\localhost\webapp.xml]
22-Mar-2025 14:34:16.548 INFO [main] org.apache.catalina.startup.HostConfig.deployDescriptor Deployment of deployment descriptor [C:\Users\Shekh\Desktop\hotel_site\Java\Tomcat\conf\Catalina\localhost\webapp.xml] has finished in [226] ms
22-Mar-2025 14:34:16.551 INFO [main] org.apache.coyote.AbstractProtocol.start Starting ProtocolHandler ["http-nio-8080"]
22-Mar-2025 14:34:16.575 INFO [main] org.apache.catalina.startup.Catalina.start Server startup in [301] milliseconds
22-Mar-2025 14:34:24.929 INFO [Thread-1] org.apache.coyote.AbstractProtocol.pause Pausing ProtocolHandler ["http-nio-8080"]
22-Mar-2025 14:34:24.941 INFO [Thread-1] org.apache.catalina.core.StandardService.stopInternal Stopping service [Catalina]
22-Mar-2025 14:34:24.946 INFO [Thread-1] org.apache.coyote.AbstractProtocol.stop Stopping ProtocolHandler ["http-nio-8080"]
22-Mar-2025 14:34:24.949 INFO [Thread-1] org.apache.coyote.AbstractProtocol.destroy Destroying ProtocolHandler ["http-nio-8080"]
22-Mar-2025 14:37:33.659 INFO [main] org.apache.catalina.startup.VersionLoggerListener.log Server version name:   Apache Tomcat/10.1.39
22-Mar-2025 14:37:33.661 INFO [main] org.apache.catalina.startup.VersionLoggerListener.log Server built:          Mar 4 2025 19:02:32 UTC
22-Mar-2025 14:37:33.662 INFO [main] org.apache.catalina.startup.VersionLoggerListener.log Server version number: 10.1.39.0
22-Mar-2025 14:37:33.662 INFO [main] org.apache.catalina.startup.VersionLoggerListener.log OS Name:               Windows 11
22-Mar-2025 14:37:33.662 INFO [main] org.apache.catalina.startup.VersionLoggerListener.log OS Version:            10.0
22-Mar-2025 14:37:33.662 INFO [main] org.apache.catalina.startup.VersionLoggerListener.log Architecture:          amd64
22-Mar-2025 14:37:33.662 INFO [main] org.apache.catalina.startup.VersionLoggerListener.log Java Home:             C:\Program Files\Java\jdk-20
22-Mar-2025 14:37:33.662 INFO [main] org.apache.catalina.startup.VersionLoggerListener.log JVM Version:           20.0.1+9-29
22-Mar-2025 14:37:33.662 INFO [main] org.apache.catalina.startup.VersionLoggerListener.log JVM Vendor:            Oracle Corporation
22-Mar-2025 14:37:33.662 INFO [main] org.apache.catalina.startup.VersionLoggerListener.log CATALINA_BASE:         C:\Users\Shekh\Desktop\hotel_site\Java\Tomcat
22-Mar-2025 14:37:33.662 INFO [main] org.apache.catalina.startup.VersionLoggerListener.log CATALINA_HOME:         C:\Program Files\Apache Software Foundation\Tomcat 10.1
22-Mar-2025 14:37:33.667 INFO [main] org.apache.catalina.startup.VersionLoggerListener.log Command line argument: --add-opens=java.base/java.lang=ALL-UNNAMED
22-Mar-2025 14:37:33.667 INFO [main] org.apache.catalina.startup.VersionLoggerListener.log Command line argument: --add-opens=java.base/java.io=ALL-UNNAMED
22-Mar-2025 14:37:33.667 INFO [main] org.apache.catalina.startup.VersionLoggerListener.log Command line argument: --add-opens=java.base/java.util=ALL-UNNAMED
22-Mar-2025 14:37:33.667 INFO [main] org.apache.catalina.startup.VersionLoggerListener.log Command line argument: --add-opens=java.base/java.util.concurrent=ALL-UNNAMED
22-Mar-2025 14:37:33.667 INFO [main] org.apache.catalina.startup.VersionLoggerListener.log Command line argument: --add-opens=java.rmi/sun.rmi.transport=ALL-UNNAMED
22-Mar-2025 14:37:33.667 INFO [main] org.apache.catalina.startup.VersionLoggerListener.log Command line argument: -Dcatalina.home=C:\Program Files\Apache Software Foundation\Tomcat 10.1
22-Mar-2025 14:37:33.667 INFO [main] org.apache.catalina.startup.VersionLoggerListener.log Command line argument: -Dcatalina.base=C:\Users\Shekh\Desktop\hotel_site\Java\Tomcat
22-Mar-2025 14:37:33.667 INFO [main] org.apache.catalina.startup.VersionLoggerListener.log Command line argument: -Djava.io.tmpdir=C:\Users\Shekh\Desktop\hotel_site\Java\Tomcat\temp
22-Mar-2025 14:37:33.667 INFO [main] org.apache.catalina.startup.VersionLoggerListener.log Command line argument: -Djava.util.logging.config.file=C:\Users\Shekh\Desktop\hotel_site\Java\Tomcat\conf\logging.properties
22-Mar-2025 14:37:33.667 INFO [main] org.apache.catalina.startup.VersionLoggerListener.log Command line argument: -Djava.util.logging.manager=org.apache.juli.ClassLoaderLogManager
22-Mar-2025 14:37:33.668 INFO [main] org.apache.catalina.startup.VersionLoggerListener.log Command line argument: -javaagent:C:\Program Files\JetBrains\IntelliJ IDEA Community Edition 2024.3.5\lib\idea_rt.jar=63516
22-Mar-2025 14:37:33.668 INFO [main] org.apache.catalina.startup.VersionLoggerListener.log Command line argument: -Dfile.encoding=UTF-8
22-Mar-2025 14:37:33.668 INFO [main] org.apache.catalina.startup.VersionLoggerListener.log Command line argument: -Dsun.stdout.encoding=UTF-8
22-Mar-2025 14:37:33.668 INFO [main] org.apache.catalina.startup.VersionLoggerListener.log Command line argument: -Dsun.stderr.encoding=UTF-8
22-Mar-2025 14:37:33.676 INFO [main] org.apache.catalina.core.AprLifecycleListener.lifecycleEvent The Apache Tomcat Native library which allows using OpenSSL was not found on the java.library.path: [C:\Program Files\Java\jdk-20\bin;C:\WINDOWS\Sun\Java\bin;C:\WINDOWS\system32;C:\WINDOWS;C:\Program Files\NVIDIA GPU Computing Toolkit\CUDA\v12.6\bin;C:\Program Files\NVIDIA GPU Computing Toolkit\CUDA\v12.6\libnvvp;C:\Program Files (x86)\Razer Chroma SDK\bin;C:\Program Files\Razer Chroma SDK\bin;C:\Program Files (x86)\Razer\ChromaBroadcast\bin;C:\Program Files\Razer\ChromaBroadcast\bin;C:\Program Files\Common Files\Oracle\Java\javapath;C:\WINDOWS\system32;C:\WINDOWS;C:\WINDOWS\System32\Wbem;C:\WINDOWS\System32\WindowsPowerShell\v1.0\;C:\WINDOWS\System32\OpenSSH\;C:\Program Files\dotnet\;C:\Program Files (x86)\NVIDIA Corporation\PhysX\Common;C:\Program Files\IVI Foundation\VISA\Win64\bin;C:\Program Files (x86)\IVI Foundation\VISA\WinNT\bin;C:\Program Files (x86)\IVI Foundation\IVI\Bin\;C:\Program Files\IVI Foundation\IVI\Bin\;C:\Program Files (x86)\IVI Foundation\VISA\WinNT\Bin\;C:\Program Files\IVI Foundation\VISA\Win64\Bin\;C:\WINDOWS\system32\config\systemprofile\AppData\Local\Microsoft\WindowsApps;C:\Users\Shekh\AppData\Local\Programs\Python\Python311\Scripts\;C:\Users\Shekh\AppData\Local\Programs\Python\Python311\;C:\Users\Shekh\AppData\Local\Microsoft\WindowsApps;C:\Users\Shekh\AppData\Local\Programs\Microsoft VS Code\bin;C:\msys64\mingw64\bin;C:\intelFPGA\18.1\modelsim_ase\win32aloem;C:\Users\Shekh\AppData\Local\GitHubDesktop\bin;C:\altera\13.1\modelsim_ase\win32aloem;C:\Users\Shekh\Documents\ytdl;C:\Users\Shekh\.dotnet\tools;C:\Program Files\Git\cmd;C;C:\Program Files\Go\bin;C:\Program Files\NVIDIA Corporation\Nsight Compute 2024.3.1\;C:\Program Files (x86)\Windows Kits\10\Windows Performance Toolkit\;C:\Program Files\Docker\Docker\resources\bin;C:\Program Files\NVIDIA Corporation\NVIDIA app\NvDLISR;C:\Program Files\MATLAB\MATLAB Production Server\R2015a\bin;C:\Program Files\nodejs\;C:\Program Files\MySQL\MySQL Shell 8.0\bin\;C:\Users\Shekh\AppData\Local\Programs\Python\Python311\Scripts\;C:\Users\Shekh\AppData\Local\Programs\Python\Python311\;C:\Users\Shekh\AppData\Local\Microsoft\WindowsApps;C:\Users\Shekh\AppData\Local\Programs\Microsoft VS Code\bin;C:\intelFPGA\18.1\modelsim_ase\win32aloem;C:\Users\Shekh\AppData\Local\GitHubDesktop\bin;C:\altera\13.1\modelsim_ase\win32aloem;C:\Users\Shekh\Documents\ytdl;C:\Users\Shekh\go\bin;C:\msys64\ucrt64\bin;C:\Program Files\CMake\bin;C:\Program Files\swipl\bin;C:\Program Files\Microsoft Visual Studio\2022\Community\VC\Tools\MSVC\14.37.32822\bin\Hostx64\x64;C:\Users\Shekh\.dotnet\tools;C:\Program Files\Microsoft Visual Studio\2022\Community\VC\Tools\MSVC\14.41.34120\bin\Hostx64\x64;;C:\Users\Shekh\AppData\Local\spicetify;C:\Users\Shekh\AppData\Roaming\npm;.]
22-Mar-2025 14:37:33.823 INFO [main] org.apache.coyote.AbstractProtocol.init Initializing ProtocolHandler ["http-nio-8080"]
22-Mar-2025 14:37:33.835 INFO [main] org.apache.catalina.startup.Catalina.load Server initialization in [277] milliseconds
22-Mar-2025 14:37:33.865 INFO [main] org.apache.catalina.core.StandardService.startInternal Starting service [Catalina]
22-Mar-2025 14:37:33.866 INFO [main] org.apache.catalina.core.StandardEngine.startInternal Starting Servlet engine: [Apache Tomcat/10.1.39]
22-Mar-2025 14:37:33.872 INFO [main] org.apache.catalina.startup.HostConfig.deployDescriptor Deploying deployment descriptor [C:\Users\Shekh\Desktop\hotel_site\Java\Tomcat\conf\Catalina\localhost\webapp.xml]
22-Mar-2025 14:37:34.106 INFO [main] org.apache.catalina.startup.HostConfig.deployDescriptor Deployment of deployment descriptor [C:\Users\Shekh\Desktop\hotel_site\Java\Tomcat\conf\Catalina\localhost\webapp.xml] has finished in [234] ms
22-Mar-2025 14:37:34.108 INFO [main] org.apache.coyote.AbstractProtocol.start Starting ProtocolHandler ["http-nio-8080"]
22-Mar-2025 14:37:34.130 INFO [main] org.apache.catalina.startup.Catalina.start Server startup in [295] milliseconds
22-Mar-2025 14:37:40.878 INFO [Thread-1] org.apache.coyote.AbstractProtocol.pause Pausing ProtocolHandler ["http-nio-8080"]
22-Mar-2025 14:37:40.890 INFO [Thread-1] org.apache.catalina.core.StandardService.stopInternal Stopping service [Catalina]
22-Mar-2025 14:37:40.897 INFO [Thread-1] org.apache.coyote.AbstractProtocol.stop Stopping ProtocolHandler ["http-nio-8080"]
22-Mar-2025 14:37:40.900 INFO [Thread-1] org.apache.coyote.AbstractProtocol.destroy Destroying ProtocolHandler ["http-nio-8080"]
22-Mar-2025 14:38:32.423 INFO [main] org.apache.catalina.startup.VersionLoggerListener.log Server version name:   Apache Tomcat/10.1.39
22-Mar-2025 14:38:32.425 INFO [main] org.apache.catalina.startup.VersionLoggerListener.log Server built:          Mar 4 2025 19:02:32 UTC
22-Mar-2025 14:38:32.425 INFO [main] org.apache.catalina.startup.VersionLoggerListener.log Server version number: 10.1.39.0
22-Mar-2025 14:38:32.426 INFO [main] org.apache.catalina.startup.VersionLoggerListener.log OS Name:               Windows 11
22-Mar-2025 14:38:32.426 INFO [main] org.apache.catalina.startup.VersionLoggerListener.log OS Version:            10.0
22-Mar-2025 14:38:32.426 INFO [main] org.apache.catalina.startup.VersionLoggerListener.log Architecture:          amd64
22-Mar-2025 14:38:32.426 INFO [main] org.apache.catalina.startup.VersionLoggerListener.log Java Home:             C:\Program Files\Java\jdk-20
22-Mar-2025 14:38:32.426 INFO [main] org.apache.catalina.startup.VersionLoggerListener.log JVM Version:           20.0.1+9-29
22-Mar-2025 14:38:32.426 INFO [main] org.apache.catalina.startup.VersionLoggerListener.log JVM Vendor:            Oracle Corporation
22-Mar-2025 14:38:32.426 INFO [main] org.apache.catalina.startup.VersionLoggerListener.log CATALINA_BASE:         C:\Users\Shekh\Desktop\hotel_site\Java\Tomcat
22-Mar-2025 14:38:32.426 INFO [main] org.apache.catalina.startup.VersionLoggerListener.log CATALINA_HOME:         C:\Program Files\Apache Software Foundation\Tomcat 10.1
22-Mar-2025 14:38:32.432 INFO [main] org.apache.catalina.startup.VersionLoggerListener.log Command line argument: --add-opens=java.base/java.lang=ALL-UNNAMED
22-Mar-2025 14:38:32.432 INFO [main] org.apache.catalina.startup.VersionLoggerListener.log Command line argument: --add-opens=java.base/java.io=ALL-UNNAMED
22-Mar-2025 14:38:32.432 INFO [main] org.apache.catalina.startup.VersionLoggerListener.log Command line argument: --add-opens=java.base/java.util=ALL-UNNAMED
22-Mar-2025 14:38:32.432 INFO [main] org.apache.catalina.startup.VersionLoggerListener.log Command line argument: --add-opens=java.base/java.util.concurrent=ALL-UNNAMED
22-Mar-2025 14:38:32.432 INFO [main] org.apache.catalina.startup.VersionLoggerListener.log Command line argument: --add-opens=java.rmi/sun.rmi.transport=ALL-UNNAMED
22-Mar-2025 14:38:32.432 INFO [main] org.apache.catalina.startup.VersionLoggerListener.log Command line argument: -Dcatalina.home=C:\Program Files\Apache Software Foundation\Tomcat 10.1
22-Mar-2025 14:38:32.432 INFO [main] org.apache.catalina.startup.VersionLoggerListener.log Command line argument: -Dcatalina.base=C:\Users\Shekh\Desktop\hotel_site\Java\Tomcat
22-Mar-2025 14:38:32.432 INFO [main] org.apache.catalina.startup.VersionLoggerListener.log Command line argument: -Djava.io.tmpdir=C:\Users\Shekh\Desktop\hotel_site\Java\Tomcat\temp
22-Mar-2025 14:38:32.432 INFO [main] org.apache.catalina.startup.VersionLoggerListener.log Command line argument: -Djava.util.logging.config.file=C:\Users\Shekh\Desktop\hotel_site\Java\Tomcat\conf\logging.properties
22-Mar-2025 14:38:32.432 INFO [main] org.apache.catalina.startup.VersionLoggerListener.log Command line argument: -Djava.util.logging.manager=org.apache.juli.ClassLoaderLogManager
22-Mar-2025 14:38:32.432 INFO [main] org.apache.catalina.startup.VersionLoggerListener.log Command line argument: -javaagent:C:\Program Files\JetBrains\IntelliJ IDEA Community Edition 2024.3.5\lib\idea_rt.jar=63553
22-Mar-2025 14:38:32.432 INFO [main] org.apache.catalina.startup.VersionLoggerListener.log Command line argument: -Dfile.encoding=UTF-8
22-Mar-2025 14:38:32.432 INFO [main] org.apache.catalina.startup.VersionLoggerListener.log Command line argument: -Dsun.stdout.encoding=UTF-8
22-Mar-2025 14:38:32.433 INFO [main] org.apache.catalina.startup.VersionLoggerListener.log Command line argument: -Dsun.stderr.encoding=UTF-8
22-Mar-2025 14:38:32.440 INFO [main] org.apache.catalina.core.AprLifecycleListener.lifecycleEvent The Apache Tomcat Native library which allows using OpenSSL was not found on the java.library.path: [C:\Program Files\Java\jdk-20\bin;C:\WINDOWS\Sun\Java\bin;C:\WINDOWS\system32;C:\WINDOWS;C:\Program Files\NVIDIA GPU Computing Toolkit\CUDA\v12.6\bin;C:\Program Files\NVIDIA GPU Computing Toolkit\CUDA\v12.6\libnvvp;C:\Program Files (x86)\Razer Chroma SDK\bin;C:\Program Files\Razer Chroma SDK\bin;C:\Program Files (x86)\Razer\ChromaBroadcast\bin;C:\Program Files\Razer\ChromaBroadcast\bin;C:\Program Files\Common Files\Oracle\Java\javapath;C:\WINDOWS\system32;C:\WINDOWS;C:\WINDOWS\System32\Wbem;C:\WINDOWS\System32\WindowsPowerShell\v1.0\;C:\WINDOWS\System32\OpenSSH\;C:\Program Files\dotnet\;C:\Program Files (x86)\NVIDIA Corporation\PhysX\Common;C:\Program Files\IVI Foundation\VISA\Win64\bin;C:\Program Files (x86)\IVI Foundation\VISA\WinNT\bin;C:\Program Files (x86)\IVI Foundation\IVI\Bin\;C:\Program Files\IVI Foundation\IVI\Bin\;C:\Program Files (x86)\IVI Foundation\VISA\WinNT\Bin\;C:\Program Files\IVI Foundation\VISA\Win64\Bin\;C:\WINDOWS\system32\config\systemprofile\AppData\Local\Microsoft\WindowsApps;C:\Users\Shekh\AppData\Local\Programs\Python\Python311\Scripts\;C:\Users\Shekh\AppData\Local\Programs\Python\Python311\;C:\Users\Shekh\AppData\Local\Microsoft\WindowsApps;C:\Users\Shekh\AppData\Local\Programs\Microsoft VS Code\bin;C:\msys64\mingw64\bin;C:\intelFPGA\18.1\modelsim_ase\win32aloem;C:\Users\Shekh\AppData\Local\GitHubDesktop\bin;C:\altera\13.1\modelsim_ase\win32aloem;C:\Users\Shekh\Documents\ytdl;C:\Users\Shekh\.dotnet\tools;C:\Program Files\Git\cmd;C;C:\Program Files\Go\bin;C:\Program Files\NVIDIA Corporation\Nsight Compute 2024.3.1\;C:\Program Files (x86)\Windows Kits\10\Windows Performance Toolkit\;C:\Program Files\Docker\Docker\resources\bin;C:\Program Files\NVIDIA Corporation\NVIDIA app\NvDLISR;C:\Program Files\MATLAB\MATLAB Production Server\R2015a\bin;C:\Program Files\nodejs\;C:\Program Files\MySQL\MySQL Shell 8.0\bin\;C:\Users\Shekh\AppData\Local\Programs\Python\Python311\Scripts\;C:\Users\Shekh\AppData\Local\Programs\Python\Python311\;C:\Users\Shekh\AppData\Local\Microsoft\WindowsApps;C:\Users\Shekh\AppData\Local\Programs\Microsoft VS Code\bin;C:\intelFPGA\18.1\modelsim_ase\win32aloem;C:\Users\Shekh\AppData\Local\GitHubDesktop\bin;C:\altera\13.1\modelsim_ase\win32aloem;C:\Users\Shekh\Documents\ytdl;C:\Users\Shekh\go\bin;C:\msys64\ucrt64\bin;C:\Program Files\CMake\bin;C:\Program Files\swipl\bin;C:\Program Files\Microsoft Visual Studio\2022\Community\VC\Tools\MSVC\14.37.32822\bin\Hostx64\x64;C:\Users\Shekh\.dotnet\tools;C:\Program Files\Microsoft Visual Studio\2022\Community\VC\Tools\MSVC\14.41.34120\bin\Hostx64\x64;;C:\Users\Shekh\AppData\Local\spicetify;C:\Users\Shekh\AppData\Roaming\npm;.]
22-Mar-2025 14:38:32.604 INFO [main] org.apache.coyote.AbstractProtocol.init Initializing ProtocolHandler ["http-nio-8080"]
22-Mar-2025 14:38:32.616 INFO [main] org.apache.catalina.startup.Catalina.load Server initialization in [294] milliseconds
22-Mar-2025 14:38:32.647 INFO [main] org.apache.catalina.core.StandardService.startInternal Starting service [Catalina]
22-Mar-2025 14:38:32.647 INFO [main] org.apache.catalina.core.StandardEngine.startInternal Starting Servlet engine: [Apache Tomcat/10.1.39]
22-Mar-2025 14:38:32.656 INFO [main] org.apache.catalina.startup.HostConfig.deployDescriptor Deploying deployment descriptor [C:\Users\Shekh\Desktop\hotel_site\Java\Tomcat\conf\Catalina\localhost\webapp.xml]
22-Mar-2025 14:38:32.888 INFO [main] org.apache.catalina.startup.HostConfig.deployDescriptor Deployment of deployment descriptor [C:\Users\Shekh\Desktop\hotel_site\Java\Tomcat\conf\Catalina\localhost\webapp.xml] has finished in [231] ms
22-Mar-2025 14:38:32.890 INFO [main] org.apache.coyote.AbstractProtocol.start Starting ProtocolHandler ["http-nio-8080"]
22-Mar-2025 14:38:32.915 INFO [main] org.apache.catalina.startup.Catalina.start Server startup in [297] milliseconds
22-Mar-2025 14:39:13.766 INFO [Thread-1] org.apache.coyote.AbstractProtocol.pause Pausing ProtocolHandler ["http-nio-8080"]
22-Mar-2025 14:39:13.791 INFO [Thread-1] org.apache.catalina.core.StandardService.stopInternal Stopping service [Catalina]
22-Mar-2025 14:39:13.802 INFO [Thread-1] org.apache.coyote.AbstractProtocol.stop Stopping ProtocolHandler ["http-nio-8080"]
22-Mar-2025 14:39:13.815 INFO [Thread-1] org.apache.coyote.AbstractProtocol.destroy Destroying ProtocolHandler ["http-nio-8080"]
22-Mar-2025 14:40:22.307 INFO [main] org.apache.catalina.startup.VersionLoggerListener.log Server version name:   Apache Tomcat/10.1.39
22-Mar-2025 14:40:22.310 INFO [main] org.apache.catalina.startup.VersionLoggerListener.log Server built:          Mar 4 2025 19:02:32 UTC
22-Mar-2025 14:40:22.310 INFO [main] org.apache.catalina.startup.VersionLoggerListener.log Server version number: 10.1.39.0
22-Mar-2025 14:40:22.310 INFO [main] org.apache.catalina.startup.VersionLoggerListener.log OS Name:               Windows 11
22-Mar-2025 14:40:22.310 INFO [main] org.apache.catalina.startup.VersionLoggerListener.log OS Version:            10.0
22-Mar-2025 14:40:22.310 INFO [main] org.apache.catalina.startup.VersionLoggerListener.log Architecture:          amd64
22-Mar-2025 14:40:22.310 INFO [main] org.apache.catalina.startup.VersionLoggerListener.log Java Home:             C:\Program Files\Java\jdk-20
22-Mar-2025 14:40:22.310 INFO [main] org.apache.catalina.startup.VersionLoggerListener.log JVM Version:           20.0.1+9-29
22-Mar-2025 14:40:22.310 INFO [main] org.apache.catalina.startup.VersionLoggerListener.log JVM Vendor:            Oracle Corporation
22-Mar-2025 14:40:22.310 INFO [main] org.apache.catalina.startup.VersionLoggerListener.log CATALINA_BASE:         C:\Users\Shekh\Desktop\hotel_site\Java\Tomcat
22-Mar-2025 14:40:22.310 INFO [main] org.apache.catalina.startup.VersionLoggerListener.log CATALINA_HOME:         C:\Program Files\Apache Software Foundation\Tomcat 10.1
22-Mar-2025 14:40:22.315 INFO [main] org.apache.catalina.startup.VersionLoggerListener.log Command line argument: --add-opens=java.base/java.lang=ALL-UNNAMED
22-Mar-2025 14:40:22.316 INFO [main] org.apache.catalina.startup.VersionLoggerListener.log Command line argument: --add-opens=java.base/java.io=ALL-UNNAMED
22-Mar-2025 14:40:22.316 INFO [main] org.apache.catalina.startup.VersionLoggerListener.log Command line argument: --add-opens=java.base/java.util=ALL-UNNAMED
22-Mar-2025 14:40:22.316 INFO [main] org.apache.catalina.startup.VersionLoggerListener.log Command line argument: --add-opens=java.base/java.util.concurrent=ALL-UNNAMED
22-Mar-2025 14:40:22.316 INFO [main] org.apache.catalina.startup.VersionLoggerListener.log Command line argument: --add-opens=java.rmi/sun.rmi.transport=ALL-UNNAMED
22-Mar-2025 14:40:22.316 INFO [main] org.apache.catalina.startup.VersionLoggerListener.log Command line argument: -Dcatalina.home=C:\Program Files\Apache Software Foundation\Tomcat 10.1
22-Mar-2025 14:40:22.316 INFO [main] org.apache.catalina.startup.VersionLoggerListener.log Command line argument: -Dcatalina.base=C:\Users\Shekh\Desktop\hotel_site\Java\Tomcat
22-Mar-2025 14:40:22.316 INFO [main] org.apache.catalina.startup.VersionLoggerListener.log Command line argument: -Djava.io.tmpdir=C:\Users\Shekh\Desktop\hotel_site\Java\Tomcat\temp
22-Mar-2025 14:40:22.316 INFO [main] org.apache.catalina.startup.VersionLoggerListener.log Command line argument: -Djava.util.logging.config.file=C:\Users\Shekh\Desktop\hotel_site\Java\Tomcat\conf\logging.properties
22-Mar-2025 14:40:22.316 INFO [main] org.apache.catalina.startup.VersionLoggerListener.log Command line argument: -Djava.util.logging.manager=org.apache.juli.ClassLoaderLogManager
22-Mar-2025 14:40:22.316 INFO [main] org.apache.catalina.startup.VersionLoggerListener.log Command line argument: -javaagent:C:\Program Files\JetBrains\IntelliJ IDEA Community Edition 2024.3.5\lib\idea_rt.jar=63579
22-Mar-2025 14:40:22.316 INFO [main] org.apache.catalina.startup.VersionLoggerListener.log Command line argument: -Dfile.encoding=UTF-8
22-Mar-2025 14:40:22.316 INFO [main] org.apache.catalina.startup.VersionLoggerListener.log Command line argument: -Dsun.stdout.encoding=UTF-8
22-Mar-2025 14:40:22.316 INFO [main] org.apache.catalina.startup.VersionLoggerListener.log Command line argument: -Dsun.stderr.encoding=UTF-8
22-Mar-2025 14:40:22.324 INFO [main] org.apache.catalina.core.AprLifecycleListener.lifecycleEvent The Apache Tomcat Native library which allows using OpenSSL was not found on the java.library.path: [C:\Program Files\Java\jdk-20\bin;C:\WINDOWS\Sun\Java\bin;C:\WINDOWS\system32;C:\WINDOWS;C:\Program Files\NVIDIA GPU Computing Toolkit\CUDA\v12.6\bin;C:\Program Files\NVIDIA GPU Computing Toolkit\CUDA\v12.6\libnvvp;C:\Program Files (x86)\Razer Chroma SDK\bin;C:\Program Files\Razer Chroma SDK\bin;C:\Program Files (x86)\Razer\ChromaBroadcast\bin;C:\Program Files\Razer\ChromaBroadcast\bin;C:\Program Files\Common Files\Oracle\Java\javapath;C:\WINDOWS\system32;C:\WINDOWS;C:\WINDOWS\System32\Wbem;C:\WINDOWS\System32\WindowsPowerShell\v1.0\;C:\WINDOWS\System32\OpenSSH\;C:\Program Files\dotnet\;C:\Program Files (x86)\NVIDIA Corporation\PhysX\Common;C:\Program Files\IVI Foundation\VISA\Win64\bin;C:\Program Files (x86)\IVI Foundation\VISA\WinNT\bin;C:\Program Files (x86)\IVI Foundation\IVI\Bin\;C:\Program Files\IVI Foundation\IVI\Bin\;C:\Program Files (x86)\IVI Foundation\VISA\WinNT\Bin\;C:\Program Files\IVI Foundation\VISA\Win64\Bin\;C:\WINDOWS\system32\config\systemprofile\AppData\Local\Microsoft\WindowsApps;C:\Users\Shekh\AppData\Local\Programs\Python\Python311\Scripts\;C:\Users\Shekh\AppData\Local\Programs\Python\Python311\;C:\Users\Shekh\AppData\Local\Microsoft\WindowsApps;C:\Users\Shekh\AppData\Local\Programs\Microsoft VS Code\bin;C:\msys64\mingw64\bin;C:\intelFPGA\18.1\modelsim_ase\win32aloem;C:\Users\Shekh\AppData\Local\GitHubDesktop\bin;C:\altera\13.1\modelsim_ase\win32aloem;C:\Users\Shekh\Documents\ytdl;C:\Users\Shekh\.dotnet\tools;C:\Program Files\Git\cmd;C;C:\Program Files\Go\bin;C:\Program Files\NVIDIA Corporation\Nsight Compute 2024.3.1\;C:\Program Files (x86)\Windows Kits\10\Windows Performance Toolkit\;C:\Program Files\Docker\Docker\resources\bin;C:\Program Files\NVIDIA Corporation\NVIDIA app\NvDLISR;C:\Program Files\MATLAB\MATLAB Production Server\R2015a\bin;C:\Program Files\nodejs\;C:\Program Files\MySQL\MySQL Shell 8.0\bin\;C:\Users\Shekh\AppData\Local\Programs\Python\Python311\Scripts\;C:\Users\Shekh\AppData\Local\Programs\Python\Python311\;C:\Users\Shekh\AppData\Local\Microsoft\WindowsApps;C:\Users\Shekh\AppData\Local\Programs\Microsoft VS Code\bin;C:\intelFPGA\18.1\modelsim_ase\win32aloem;C:\Users\Shekh\AppData\Local\GitHubDesktop\bin;C:\altera\13.1\modelsim_ase\win32aloem;C:\Users\Shekh\Documents\ytdl;C:\Users\Shekh\go\bin;C:\msys64\ucrt64\bin;C:\Program Files\CMake\bin;C:\Program Files\swipl\bin;C:\Program Files\Microsoft Visual Studio\2022\Community\VC\Tools\MSVC\14.37.32822\bin\Hostx64\x64;C:\Users\Shekh\.dotnet\tools;C:\Program Files\Microsoft Visual Studio\2022\Community\VC\Tools\MSVC\14.41.34120\bin\Hostx64\x64;;C:\Users\Shekh\AppData\Local\spicetify;C:\Users\Shekh\AppData\Roaming\npm;.]
22-Mar-2025 14:40:22.481 INFO [main] org.apache.coyote.AbstractProtocol.init Initializing ProtocolHandler ["http-nio-8080"]
22-Mar-2025 14:40:22.492 INFO [main] org.apache.catalina.startup.Catalina.load Server initialization in [284] milliseconds
22-Mar-2025 14:40:22.531 INFO [main] org.apache.catalina.core.StandardService.startInternal Starting service [Catalina]
22-Mar-2025 14:40:22.531 INFO [main] org.apache.catalina.core.StandardEngine.startInternal Starting Servlet engine: [Apache Tomcat/10.1.39]
22-Mar-2025 14:40:22.537 INFO [main] org.apache.catalina.startup.HostConfig.deployDescriptor Deploying deployment descriptor [C:\Users\Shekh\Desktop\hotel_site\Java\Tomcat\conf\Catalina\localhost\webapp.xml]
22-Mar-2025 14:40:22.780 INFO [main] org.apache.catalina.startup.HostConfig.deployDescriptor Deployment of deployment descriptor [C:\Users\Shekh\Desktop\hotel_site\Java\Tomcat\conf\Catalina\localhost\webapp.xml] has finished in [243] ms
22-Mar-2025 14:40:22.783 INFO [main] org.apache.coyote.AbstractProtocol.start Starting ProtocolHandler ["http-nio-8080"]
22-Mar-2025 14:40:22.806 INFO [main] org.apache.catalina.startup.Catalina.start Server startup in [312] milliseconds
22-Mar-2025 14:40:32.773 INFO [Thread-1] org.apache.coyote.AbstractProtocol.pause Pausing ProtocolHandler ["http-nio-8080"]
22-Mar-2025 14:40:32.795 INFO [Thread-1] org.apache.catalina.core.StandardService.stopInternal Stopping service [Catalina]
22-Mar-2025 14:40:32.800 INFO [Thread-1] org.apache.coyote.AbstractProtocol.stop Stopping ProtocolHandler ["http-nio-8080"]
22-Mar-2025 14:40:32.812 INFO [Thread-1] org.apache.coyote.AbstractProtocol.destroy Destroying ProtocolHandler ["http-nio-8080"]
22-Mar-2025 14:40:48.095 INFO [main] org.apache.catalina.startup.VersionLoggerListener.log Server version name:   Apache Tomcat/10.1.39
22-Mar-2025 14:40:48.097 INFO [main] org.apache.catalina.startup.VersionLoggerListener.log Server built:          Mar 4 2025 19:02:32 UTC
22-Mar-2025 14:40:48.097 INFO [main] org.apache.catalina.startup.VersionLoggerListener.log Server version number: 10.1.39.0
22-Mar-2025 14:40:48.097 INFO [main] org.apache.catalina.startup.VersionLoggerListener.log OS Name:               Windows 11
22-Mar-2025 14:40:48.098 INFO [main] org.apache.catalina.startup.VersionLoggerListener.log OS Version:            10.0
22-Mar-2025 14:40:48.098 INFO [main] org.apache.catalina.startup.VersionLoggerListener.log Architecture:          amd64
22-Mar-2025 14:40:48.098 INFO [main] org.apache.catalina.startup.VersionLoggerListener.log Java Home:             C:\Program Files\Java\jdk-20
22-Mar-2025 14:40:48.098 INFO [main] org.apache.catalina.startup.VersionLoggerListener.log JVM Version:           20.0.1+9-29
22-Mar-2025 14:40:48.098 INFO [main] org.apache.catalina.startup.VersionLoggerListener.log JVM Vendor:            Oracle Corporation
22-Mar-2025 14:40:48.098 INFO [main] org.apache.catalina.startup.VersionLoggerListener.log CATALINA_BASE:         C:\Users\Shekh\Desktop\hotel_site\Java\Tomcat
22-Mar-2025 14:40:48.098 INFO [main] org.apache.catalina.startup.VersionLoggerListener.log CATALINA_HOME:         C:\Program Files\Apache Software Foundation\Tomcat 10.1
22-Mar-2025 14:40:48.102 INFO [main] org.apache.catalina.startup.VersionLoggerListener.log Command line argument: --add-opens=java.base/java.lang=ALL-UNNAMED
22-Mar-2025 14:40:48.102 INFO [main] org.apache.catalina.startup.VersionLoggerListener.log Command line argument: --add-opens=java.base/java.io=ALL-UNNAMED
22-Mar-2025 14:40:48.102 INFO [main] org.apache.catalina.startup.VersionLoggerListener.log Command line argument: --add-opens=java.base/java.util=ALL-UNNAMED
22-Mar-2025 14:40:48.102 INFO [main] org.apache.catalina.startup.VersionLoggerListener.log Command line argument: --add-opens=java.base/java.util.concurrent=ALL-UNNAMED
22-Mar-2025 14:40:48.102 INFO [main] org.apache.catalina.startup.VersionLoggerListener.log Command line argument: --add-opens=java.rmi/sun.rmi.transport=ALL-UNNAMED
22-Mar-2025 14:40:48.103 INFO [main] org.apache.catalina.startup.VersionLoggerListener.log Command line argument: -Dcatalina.home=C:\Program Files\Apache Software Foundation\Tomcat 10.1
22-Mar-2025 14:40:48.103 INFO [main] org.apache.catalina.startup.VersionLoggerListener.log Command line argument: -Dcatalina.base=C:\Users\Shekh\Desktop\hotel_site\Java\Tomcat
22-Mar-2025 14:40:48.103 INFO [main] org.apache.catalina.startup.VersionLoggerListener.log Command line argument: -Djava.io.tmpdir=C:\Users\Shekh\Desktop\hotel_site\Java\Tomcat\temp
22-Mar-2025 14:40:48.103 INFO [main] org.apache.catalina.startup.VersionLoggerListener.log Command line argument: -Djava.util.logging.config.file=C:\Users\Shekh\Desktop\hotel_site\Java\Tomcat\conf\logging.properties
22-Mar-2025 14:40:48.103 INFO [main] org.apache.catalina.startup.VersionLoggerListener.log Command line argument: -Djava.util.logging.manager=org.apache.juli.ClassLoaderLogManager
22-Mar-2025 14:40:48.103 INFO [main] org.apache.catalina.startup.VersionLoggerListener.log Command line argument: -javaagent:C:\Program Files\JetBrains\IntelliJ IDEA Community Edition 2024.3.5\lib\idea_rt.jar=63597
22-Mar-2025 14:40:48.103 INFO [main] org.apache.catalina.startup.VersionLoggerListener.log Command line argument: -Dfile.encoding=UTF-8
22-Mar-2025 14:40:48.103 INFO [main] org.apache.catalina.startup.VersionLoggerListener.log Command line argument: -Dsun.stdout.encoding=UTF-8
22-Mar-2025 14:40:48.103 INFO [main] org.apache.catalina.startup.VersionLoggerListener.log Command line argument: -Dsun.stderr.encoding=UTF-8
22-Mar-2025 14:40:48.110 INFO [main] org.apache.catalina.core.AprLifecycleListener.lifecycleEvent The Apache Tomcat Native library which allows using OpenSSL was not found on the java.library.path: [C:\Program Files\Java\jdk-20\bin;C:\WINDOWS\Sun\Java\bin;C:\WINDOWS\system32;C:\WINDOWS;C:\Program Files\NVIDIA GPU Computing Toolkit\CUDA\v12.6\bin;C:\Program Files\NVIDIA GPU Computing Toolkit\CUDA\v12.6\libnvvp;C:\Program Files (x86)\Razer Chroma SDK\bin;C:\Program Files\Razer Chroma SDK\bin;C:\Program Files (x86)\Razer\ChromaBroadcast\bin;C:\Program Files\Razer\ChromaBroadcast\bin;C:\Program Files\Common Files\Oracle\Java\javapath;C:\WINDOWS\system32;C:\WINDOWS;C:\WINDOWS\System32\Wbem;C:\WINDOWS\System32\WindowsPowerShell\v1.0\;C:\WINDOWS\System32\OpenSSH\;C:\Program Files\dotnet\;C:\Program Files (x86)\NVIDIA Corporation\PhysX\Common;C:\Program Files\IVI Foundation\VISA\Win64\bin;C:\Program Files (x86)\IVI Foundation\VISA\WinNT\bin;C:\Program Files (x86)\IVI Foundation\IVI\Bin\;C:\Program Files\IVI Foundation\IVI\Bin\;C:\Program Files (x86)\IVI Foundation\VISA\WinNT\Bin\;C:\Program Files\IVI Foundation\VISA\Win64\Bin\;C:\WINDOWS\system32\config\systemprofile\AppData\Local\Microsoft\WindowsApps;C:\Users\Shekh\AppData\Local\Programs\Python\Python311\Scripts\;C:\Users\Shekh\AppData\Local\Programs\Python\Python311\;C:\Users\Shekh\AppData\Local\Microsoft\WindowsApps;C:\Users\Shekh\AppData\Local\Programs\Microsoft VS Code\bin;C:\msys64\mingw64\bin;C:\intelFPGA\18.1\modelsim_ase\win32aloem;C:\Users\Shekh\AppData\Local\GitHubDesktop\bin;C:\altera\13.1\modelsim_ase\win32aloem;C:\Users\Shekh\Documents\ytdl;C:\Users\Shekh\.dotnet\tools;C:\Program Files\Git\cmd;C;C:\Program Files\Go\bin;C:\Program Files\NVIDIA Corporation\Nsight Compute 2024.3.1\;C:\Program Files (x86)\Windows Kits\10\Windows Performance Toolkit\;C:\Program Files\Docker\Docker\resources\bin;C:\Program Files\NVIDIA Corporation\NVIDIA app\NvDLISR;C:\Program Files\MATLAB\MATLAB Production Server\R2015a\bin;C:\Program Files\nodejs\;C:\Program Files\MySQL\MySQL Shell 8.0\bin\;C:\Users\Shekh\AppData\Local\Programs\Python\Python311\Scripts\;C:\Users\Shekh\AppData\Local\Programs\Python\Python311\;C:\Users\Shekh\AppData\Local\Microsoft\WindowsApps;C:\Users\Shekh\AppData\Local\Programs\Microsoft VS Code\bin;C:\intelFPGA\18.1\modelsim_ase\win32aloem;C:\Users\Shekh\AppData\Local\GitHubDesktop\bin;C:\altera\13.1\modelsim_ase\win32aloem;C:\Users\Shekh\Documents\ytdl;C:\Users\Shekh\go\bin;C:\msys64\ucrt64\bin;C:\Program Files\CMake\bin;C:\Program Files\swipl\bin;C:\Program Files\Microsoft Visual Studio\2022\Community\VC\Tools\MSVC\14.37.32822\bin\Hostx64\x64;C:\Users\Shekh\.dotnet\tools;C:\Program Files\Microsoft Visual Studio\2022\Community\VC\Tools\MSVC\14.41.34120\bin\Hostx64\x64;;C:\Users\Shekh\AppData\Local\spicetify;C:\Users\Shekh\AppData\Roaming\npm;.]
22-Mar-2025 14:40:48.268 INFO [main] org.apache.coyote.AbstractProtocol.init Initializing ProtocolHandler ["http-nio-8080"]
22-Mar-2025 14:40:48.279 INFO [main] org.apache.catalina.startup.Catalina.load Server initialization in [284] milliseconds
22-Mar-2025 14:40:48.323 INFO [main] org.apache.catalina.core.StandardService.startInternal Starting service [Catalina]
22-Mar-2025 14:40:48.323 INFO [main] org.apache.catalina.core.StandardEngine.startInternal Starting Servlet engine: [Apache Tomcat/10.1.39]
22-Mar-2025 14:40:48.332 INFO [main] org.apache.catalina.startup.HostConfig.deployDescriptor Deploying deployment descriptor [C:\Users\Shekh\Desktop\hotel_site\Java\Tomcat\conf\Catalina\localhost\webapp.xml]
22-Mar-2025 14:40:48.554 INFO [main] org.apache.catalina.startup.HostConfig.deployDescriptor Deployment of deployment descriptor [C:\Users\Shekh\Desktop\hotel_site\Java\Tomcat\conf\Catalina\localhost\webapp.xml] has finished in [222] ms
22-Mar-2025 14:40:48.557 INFO [main] org.apache.coyote.AbstractProtocol.start Starting ProtocolHandler ["http-nio-8080"]
22-Mar-2025 14:40:48.581 INFO [main] org.apache.catalina.startup.Catalina.start Server startup in [301] milliseconds
22-Mar-2025 14:40:58.233 INFO [Thread-1] org.apache.coyote.AbstractProtocol.pause Pausing ProtocolHandler ["http-nio-8080"]
22-Mar-2025 14:40:58.261 INFO [Thread-1] org.apache.catalina.core.StandardService.stopInternal Stopping service [Catalina]
22-Mar-2025 14:40:58.274 INFO [Thread-1] org.apache.coyote.AbstractProtocol.stop Stopping ProtocolHandler ["http-nio-8080"]
22-Mar-2025 14:40:58.291 INFO [Thread-1] org.apache.coyote.AbstractProtocol.destroy Destroying ProtocolHandler ["http-nio-8080"]
22-Mar-2025 14:43:32.483 INFO [main] org.apache.catalina.startup.VersionLoggerListener.log Server version name:   Apache Tomcat/10.1.39
22-Mar-2025 14:43:32.485 INFO [main] org.apache.catalina.startup.VersionLoggerListener.log Server built:          Mar 4 2025 19:02:32 UTC
22-Mar-2025 14:43:32.485 INFO [main] org.apache.catalina.startup.VersionLoggerListener.log Server version number: 10.1.39.0
22-Mar-2025 14:43:32.485 INFO [main] org.apache.catalina.startup.VersionLoggerListener.log OS Name:               Windows 11
22-Mar-2025 14:43:32.485 INFO [main] org.apache.catalina.startup.VersionLoggerListener.log OS Version:            10.0
22-Mar-2025 14:43:32.485 INFO [main] org.apache.catalina.startup.VersionLoggerListener.log Architecture:          amd64
22-Mar-2025 14:43:32.485 INFO [main] org.apache.catalina.startup.VersionLoggerListener.log Java Home:             C:\Program Files\Java\jdk-20
22-Mar-2025 14:43:32.485 INFO [main] org.apache.catalina.startup.VersionLoggerListener.log JVM Version:           20.0.1+9-29
22-Mar-2025 14:43:32.485 INFO [main] org.apache.catalina.startup.VersionLoggerListener.log JVM Vendor:            Oracle Corporation
22-Mar-2025 14:43:32.486 INFO [main] org.apache.catalina.startup.VersionLoggerListener.log CATALINA_BASE:         C:\Users\Shekh\Desktop\hotel_site\Java\Tomcat
22-Mar-2025 14:43:32.486 INFO [main] org.apache.catalina.startup.VersionLoggerListener.log CATALINA_HOME:         C:\Program Files\Apache Software Foundation\Tomcat 10.1
22-Mar-2025 14:43:32.491 INFO [main] org.apache.catalina.startup.VersionLoggerListener.log Command line argument: --add-opens=java.base/java.lang=ALL-UNNAMED
22-Mar-2025 14:43:32.491 INFO [main] org.apache.catalina.startup.VersionLoggerListener.log Command line argument: --add-opens=java.base/java.io=ALL-UNNAMED
22-Mar-2025 14:43:32.491 INFO [main] org.apache.catalina.startup.VersionLoggerListener.log Command line argument: --add-opens=java.base/java.util=ALL-UNNAMED
22-Mar-2025 14:43:32.491 INFO [main] org.apache.catalina.startup.VersionLoggerListener.log Command line argument: --add-opens=java.base/java.util.concurrent=ALL-UNNAMED
22-Mar-2025 14:43:32.491 INFO [main] org.apache.catalina.startup.VersionLoggerListener.log Command line argument: --add-opens=java.rmi/sun.rmi.transport=ALL-UNNAMED
22-Mar-2025 14:43:32.491 INFO [main] org.apache.catalina.startup.VersionLoggerListener.log Command line argument: -Dcatalina.home=C:\Program Files\Apache Software Foundation\Tomcat 10.1
22-Mar-2025 14:43:32.491 INFO [main] org.apache.catalina.startup.VersionLoggerListener.log Command line argument: -Dcatalina.base=C:\Users\Shekh\Desktop\hotel_site\Java\Tomcat
22-Mar-2025 14:43:32.491 INFO [main] org.apache.catalina.startup.VersionLoggerListener.log Command line argument: -Djava.io.tmpdir=C:\Users\Shekh\Desktop\hotel_site\Java\Tomcat\temp
22-Mar-2025 14:43:32.492 INFO [main] org.apache.catalina.startup.VersionLoggerListener.log Command line argument: -Djava.util.logging.config.file=C:\Users\Shekh\Desktop\hotel_site\Java\Tomcat\conf\logging.properties
22-Mar-2025 14:43:32.492 INFO [main] org.apache.catalina.startup.VersionLoggerListener.log Command line argument: -Djava.util.logging.manager=org.apache.juli.ClassLoaderLogManager
22-Mar-2025 14:43:32.492 INFO [main] org.apache.catalina.startup.VersionLoggerListener.log Command line argument: -javaagent:C:\Program Files\JetBrains\IntelliJ IDEA Community Edition 2024.3.5\lib\idea_rt.jar=63636
22-Mar-2025 14:43:32.492 INFO [main] org.apache.catalina.startup.VersionLoggerListener.log Command line argument: -Dfile.encoding=UTF-8
22-Mar-2025 14:43:32.492 INFO [main] org.apache.catalina.startup.VersionLoggerListener.log Command line argument: -Dsun.stdout.encoding=UTF-8
22-Mar-2025 14:43:32.492 INFO [main] org.apache.catalina.startup.VersionLoggerListener.log Command line argument: -Dsun.stderr.encoding=UTF-8
22-Mar-2025 14:43:32.499 INFO [main] org.apache.catalina.core.AprLifecycleListener.lifecycleEvent The Apache Tomcat Native library which allows using OpenSSL was not found on the java.library.path: [C:\Program Files\Java\jdk-20\bin;C:\WINDOWS\Sun\Java\bin;C:\WINDOWS\system32;C:\WINDOWS;C:\Program Files\NVIDIA GPU Computing Toolkit\CUDA\v12.6\bin;C:\Program Files\NVIDIA GPU Computing Toolkit\CUDA\v12.6\libnvvp;C:\Program Files (x86)\Razer Chroma SDK\bin;C:\Program Files\Razer Chroma SDK\bin;C:\Program Files (x86)\Razer\ChromaBroadcast\bin;C:\Program Files\Razer\ChromaBroadcast\bin;C:\Program Files\Common Files\Oracle\Java\javapath;C:\WINDOWS\system32;C:\WINDOWS;C:\WINDOWS\System32\Wbem;C:\WINDOWS\System32\WindowsPowerShell\v1.0\;C:\WINDOWS\System32\OpenSSH\;C:\Program Files\dotnet\;C:\Program Files (x86)\NVIDIA Corporation\PhysX\Common;C:\Program Files\IVI Foundation\VISA\Win64\bin;C:\Program Files (x86)\IVI Foundation\VISA\WinNT\bin;C:\Program Files (x86)\IVI Foundation\IVI\Bin\;C:\Program Files\IVI Foundation\IVI\Bin\;C:\Program Files (x86)\IVI Foundation\VISA\WinNT\Bin\;C:\Program Files\IVI Foundation\VISA\Win64\Bin\;C:\WINDOWS\system32\config\systemprofile\AppData\Local\Microsoft\WindowsApps;C:\Users\Shekh\AppData\Local\Programs\Python\Python311\Scripts\;C:\Users\Shekh\AppData\Local\Programs\Python\Python311\;C:\Users\Shekh\AppData\Local\Microsoft\WindowsApps;C:\Users\Shekh\AppData\Local\Programs\Microsoft VS Code\bin;C:\msys64\mingw64\bin;C:\intelFPGA\18.1\modelsim_ase\win32aloem;C:\Users\Shekh\AppData\Local\GitHubDesktop\bin;C:\altera\13.1\modelsim_ase\win32aloem;C:\Users\Shekh\Documents\ytdl;C:\Users\Shekh\.dotnet\tools;C:\Program Files\Git\cmd;C;C:\Program Files\Go\bin;C:\Program Files\NVIDIA Corporation\Nsight Compute 2024.3.1\;C:\Program Files (x86)\Windows Kits\10\Windows Performance Toolkit\;C:\Program Files\Docker\Docker\resources\bin;C:\Program Files\NVIDIA Corporation\NVIDIA app\NvDLISR;C:\Program Files\MATLAB\MATLAB Production Server\R2015a\bin;C:\Program Files\nodejs\;C:\Program Files\MySQL\MySQL Shell 8.0\bin\;C:\Users\Shekh\AppData\Local\Programs\Python\Python311\Scripts\;C:\Users\Shekh\AppData\Local\Programs\Python\Python311\;C:\Users\Shekh\AppData\Local\Microsoft\WindowsApps;C:\Users\Shekh\AppData\Local\Programs\Microsoft VS Code\bin;C:\intelFPGA\18.1\modelsim_ase\win32aloem;C:\Users\Shekh\AppData\Local\GitHubDesktop\bin;C:\altera\13.1\modelsim_ase\win32aloem;C:\Users\Shekh\Documents\ytdl;C:\Users\Shekh\go\bin;C:\msys64\ucrt64\bin;C:\Program Files\CMake\bin;C:\Program Files\swipl\bin;C:\Program Files\Microsoft Visual Studio\2022\Community\VC\Tools\MSVC\14.37.32822\bin\Hostx64\x64;C:\Users\Shekh\.dotnet\tools;C:\Program Files\Microsoft Visual Studio\2022\Community\VC\Tools\MSVC\14.41.34120\bin\Hostx64\x64;;C:\Users\Shekh\AppData\Local\spicetify;C:\Users\Shekh\AppData\Roaming\npm;.]
22-Mar-2025 14:43:32.651 INFO [main] org.apache.coyote.AbstractProtocol.init Initializing ProtocolHandler ["http-nio-8080"]
22-Mar-2025 14:43:32.662 INFO [main] org.apache.catalina.startup.Catalina.load Server initialization in [286] milliseconds
22-Mar-2025 14:43:32.698 INFO [main] org.apache.catalina.core.StandardService.startInternal Starting service [Catalina]
22-Mar-2025 14:43:32.698 INFO [main] org.apache.catalina.core.StandardEngine.startInternal Starting Servlet engine: [Apache Tomcat/10.1.39]
22-Mar-2025 14:43:32.704 INFO [main] org.apache.catalina.startup.HostConfig.deployDescriptor Deploying deployment descriptor [C:\Users\Shekh\Desktop\hotel_site\Java\Tomcat\conf\Catalina\localhost\webapp.xml]
22-Mar-2025 14:43:32.946 INFO [main] org.apache.catalina.startup.HostConfig.deployDescriptor Deployment of deployment descriptor [C:\Users\Shekh\Desktop\hotel_site\Java\Tomcat\conf\Catalina\localhost\webapp.xml] has finished in [241] ms
22-Mar-2025 14:43:32.949 INFO [main] org.apache.coyote.AbstractProtocol.start Starting ProtocolHandler ["http-nio-8080"]
22-Mar-2025 14:43:32.973 INFO [main] org.apache.catalina.startup.Catalina.start Server startup in [308] milliseconds
22-Mar-2025 14:45:57.028 INFO [Thread-1] org.apache.coyote.AbstractProtocol.pause Pausing ProtocolHandler ["http-nio-8080"]
22-Mar-2025 14:45:57.041 INFO [Thread-1] org.apache.catalina.core.StandardService.stopInternal Stopping service [Catalina]
22-Mar-2025 14:45:57.048 INFO [Thread-1] org.apache.coyote.AbstractProtocol.stop Stopping ProtocolHandler ["http-nio-8080"]
22-Mar-2025 14:45:57.050 INFO [Thread-1] org.apache.coyote.AbstractProtocol.destroy Destroying ProtocolHandler ["http-nio-8080"]
22-Mar-2025 14:45:59.062 INFO [main] org.apache.catalina.startup.VersionLoggerListener.log Server version name:   Apache Tomcat/10.1.39
22-Mar-2025 14:45:59.065 INFO [main] org.apache.catalina.startup.VersionLoggerListener.log Server built:          Mar 4 2025 19:02:32 UTC
22-Mar-2025 14:45:59.065 INFO [main] org.apache.catalina.startup.VersionLoggerListener.log Server version number: 10.1.39.0
22-Mar-2025 14:45:59.065 INFO [main] org.apache.catalina.startup.VersionLoggerListener.log OS Name:               Windows 11
22-Mar-2025 14:45:59.065 INFO [main] org.apache.catalina.startup.VersionLoggerListener.log OS Version:            10.0
22-Mar-2025 14:45:59.065 INFO [main] org.apache.catalina.startup.VersionLoggerListener.log Architecture:          amd64
22-Mar-2025 14:45:59.065 INFO [main] org.apache.catalina.startup.VersionLoggerListener.log Java Home:             C:\Program Files\Java\jdk-20
22-Mar-2025 14:45:59.065 INFO [main] org.apache.catalina.startup.VersionLoggerListener.log JVM Version:           20.0.1+9-29
22-Mar-2025 14:45:59.065 INFO [main] org.apache.catalina.startup.VersionLoggerListener.log JVM Vendor:            Oracle Corporation
22-Mar-2025 14:45:59.065 INFO [main] org.apache.catalina.startup.VersionLoggerListener.log CATALINA_BASE:         C:\Users\Shekh\Desktop\hotel_site\Java\Tomcat
22-Mar-2025 14:45:59.065 INFO [main] org.apache.catalina.startup.VersionLoggerListener.log CATALINA_HOME:         C:\Program Files\Apache Software Foundation\Tomcat 10.1
22-Mar-2025 14:45:59.069 INFO [main] org.apache.catalina.startup.VersionLoggerListener.log Command line argument: --add-opens=java.base/java.lang=ALL-UNNAMED
22-Mar-2025 14:45:59.069 INFO [main] org.apache.catalina.startup.VersionLoggerListener.log Command line argument: --add-opens=java.base/java.io=ALL-UNNAMED
22-Mar-2025 14:45:59.070 INFO [main] org.apache.catalina.startup.VersionLoggerListener.log Command line argument: --add-opens=java.base/java.util=ALL-UNNAMED
22-Mar-2025 14:45:59.070 INFO [main] org.apache.catalina.startup.VersionLoggerListener.log Command line argument: --add-opens=java.base/java.util.concurrent=ALL-UNNAMED
22-Mar-2025 14:45:59.070 INFO [main] org.apache.catalina.startup.VersionLoggerListener.log Command line argument: --add-opens=java.rmi/sun.rmi.transport=ALL-UNNAMED
22-Mar-2025 14:45:59.070 INFO [main] org.apache.catalina.startup.VersionLoggerListener.log Command line argument: -Dcatalina.home=C:\Program Files\Apache Software Foundation\Tomcat 10.1
22-Mar-2025 14:45:59.070 INFO [main] org.apache.catalina.startup.VersionLoggerListener.log Command line argument: -Dcatalina.base=C:\Users\Shekh\Desktop\hotel_site\Java\Tomcat
22-Mar-2025 14:45:59.070 INFO [main] org.apache.catalina.startup.VersionLoggerListener.log Command line argument: -Djava.io.tmpdir=C:\Users\Shekh\Desktop\hotel_site\Java\Tomcat\temp
22-Mar-2025 14:45:59.070 INFO [main] org.apache.catalina.startup.VersionLoggerListener.log Command line argument: -Djava.util.logging.config.file=C:\Users\Shekh\Desktop\hotel_site\Java\Tomcat\conf\logging.properties
22-Mar-2025 14:45:59.070 INFO [main] org.apache.catalina.startup.VersionLoggerListener.log Command line argument: -Djava.util.logging.manager=org.apache.juli.ClassLoaderLogManager
22-Mar-2025 14:45:59.070 INFO [main] org.apache.catalina.startup.VersionLoggerListener.log Command line argument: -javaagent:C:\Program Files\JetBrains\IntelliJ IDEA Community Edition 2024.3.5\lib\idea_rt.jar=63687
22-Mar-2025 14:45:59.071 INFO [main] org.apache.catalina.startup.VersionLoggerListener.log Command line argument: -Dfile.encoding=UTF-8
22-Mar-2025 14:45:59.071 INFO [main] org.apache.catalina.startup.VersionLoggerListener.log Command line argument: -Dsun.stdout.encoding=UTF-8
22-Mar-2025 14:45:59.071 INFO [main] org.apache.catalina.startup.VersionLoggerListener.log Command line argument: -Dsun.stderr.encoding=UTF-8
22-Mar-2025 14:45:59.078 INFO [main] org.apache.catalina.core.AprLifecycleListener.lifecycleEvent The Apache Tomcat Native library which allows using OpenSSL was not found on the java.library.path: [C:\Program Files\Java\jdk-20\bin;C:\WINDOWS\Sun\Java\bin;C:\WINDOWS\system32;C:\WINDOWS;C:\Program Files\NVIDIA GPU Computing Toolkit\CUDA\v12.6\bin;C:\Program Files\NVIDIA GPU Computing Toolkit\CUDA\v12.6\libnvvp;C:\Program Files (x86)\Razer Chroma SDK\bin;C:\Program Files\Razer Chroma SDK\bin;C:\Program Files (x86)\Razer\ChromaBroadcast\bin;C:\Program Files\Razer\ChromaBroadcast\bin;C:\Program Files\Common Files\Oracle\Java\javapath;C:\WINDOWS\system32;C:\WINDOWS;C:\WINDOWS\System32\Wbem;C:\WINDOWS\System32\WindowsPowerShell\v1.0\;C:\WINDOWS\System32\OpenSSH\;C:\Program Files\dotnet\;C:\Program Files (x86)\NVIDIA Corporation\PhysX\Common;C:\Program Files\IVI Foundation\VISA\Win64\bin;C:\Program Files (x86)\IVI Foundation\VISA\WinNT\bin;C:\Program Files (x86)\IVI Foundation\IVI\Bin\;C:\Program Files\IVI Foundation\IVI\Bin\;C:\Program Files (x86)\IVI Foundation\VISA\WinNT\Bin\;C:\Program Files\IVI Foundation\VISA\Win64\Bin\;C:\WINDOWS\system32\config\systemprofile\AppData\Local\Microsoft\WindowsApps;C:\Users\Shekh\AppData\Local\Programs\Python\Python311\Scripts\;C:\Users\Shekh\AppData\Local\Programs\Python\Python311\;C:\Users\Shekh\AppData\Local\Microsoft\WindowsApps;C:\Users\Shekh\AppData\Local\Programs\Microsoft VS Code\bin;C:\msys64\mingw64\bin;C:\intelFPGA\18.1\modelsim_ase\win32aloem;C:\Users\Shekh\AppData\Local\GitHubDesktop\bin;C:\altera\13.1\modelsim_ase\win32aloem;C:\Users\Shekh\Documents\ytdl;C:\Users\Shekh\.dotnet\tools;C:\Program Files\Git\cmd;C;C:\Program Files\Go\bin;C:\Program Files\NVIDIA Corporation\Nsight Compute 2024.3.1\;C:\Program Files (x86)\Windows Kits\10\Windows Performance Toolkit\;C:\Program Files\Docker\Docker\resources\bin;C:\Program Files\NVIDIA Corporation\NVIDIA app\NvDLISR;C:\Program Files\MATLAB\MATLAB Production Server\R2015a\bin;C:\Program Files\nodejs\;C:\Program Files\MySQL\MySQL Shell 8.0\bin\;C:\Users\Shekh\AppData\Local\Programs\Python\Python311\Scripts\;C:\Users\Shekh\AppData\Local\Programs\Python\Python311\;C:\Users\Shekh\AppData\Local\Microsoft\WindowsApps;C:\Users\Shekh\AppData\Local\Programs\Microsoft VS Code\bin;C:\intelFPGA\18.1\modelsim_ase\win32aloem;C:\Users\Shekh\AppData\Local\GitHubDesktop\bin;C:\altera\13.1\modelsim_ase\win32aloem;C:\Users\Shekh\Documents\ytdl;C:\Users\Shekh\go\bin;C:\msys64\ucrt64\bin;C:\Program Files\CMake\bin;C:\Program Files\swipl\bin;C:\Program Files\Microsoft Visual Studio\2022\Community\VC\Tools\MSVC\14.37.32822\bin\Hostx64\x64;C:\Users\Shekh\.dotnet\tools;C:\Program Files\Microsoft Visual Studio\2022\Community\VC\Tools\MSVC\14.41.34120\bin\Hostx64\x64;;C:\Users\Shekh\AppData\Local\spicetify;C:\Users\Shekh\AppData\Roaming\npm;.]
22-Mar-2025 14:45:59.235 INFO [main] org.apache.coyote.AbstractProtocol.init Initializing ProtocolHandler ["http-nio-8080"]
22-Mar-2025 14:45:59.244 INFO [main] org.apache.catalina.startup.Catalina.load Server initialization in [278] milliseconds
22-Mar-2025 14:45:59.278 INFO [main] org.apache.catalina.core.StandardService.startInternal Starting service [Catalina]
22-Mar-2025 14:45:59.278 INFO [main] org.apache.catalina.core.StandardEngine.startInternal Starting Servlet engine: [Apache Tomcat/10.1.39]
22-Mar-2025 14:45:59.285 INFO [main] org.apache.catalina.startup.HostConfig.deployDescriptor Deploying deployment descriptor [C:\Users\Shekh\Desktop\hotel_site\Java\Tomcat\conf\Catalina\localhost\webapp.xml]
22-Mar-2025 14:45:59.500 INFO [main] org.apache.catalina.startup.HostConfig.deployDescriptor Deployment of deployment descriptor [C:\Users\Shekh\Desktop\hotel_site\Java\Tomcat\conf\Catalina\localhost\webapp.xml] has finished in [215] ms
22-Mar-2025 14:45:59.503 INFO [main] org.apache.coyote.AbstractProtocol.start Starting ProtocolHandler ["http-nio-8080"]
22-Mar-2025 14:45:59.526 INFO [main] org.apache.catalina.startup.Catalina.start Server startup in [281] milliseconds
22-Mar-2025 14:46:34.500 INFO [Thread-1] org.apache.coyote.AbstractProtocol.pause Pausing ProtocolHandler ["http-nio-8080"]
22-Mar-2025 14:46:34.512 INFO [Thread-1] org.apache.catalina.core.StandardService.stopInternal Stopping service [Catalina]
22-Mar-2025 14:46:34.519 INFO [Thread-1] org.apache.coyote.AbstractProtocol.stop Stopping ProtocolHandler ["http-nio-8080"]
22-Mar-2025 14:46:34.523 INFO [Thread-1] org.apache.coyote.AbstractProtocol.destroy Destroying ProtocolHandler ["http-nio-8080"]
22-Mar-2025 14:47:16.013 INFO [main] org.apache.catalina.startup.VersionLoggerListener.log Server version name:   Apache Tomcat/10.1.39
22-Mar-2025 14:47:16.015 INFO [main] org.apache.catalina.startup.VersionLoggerListener.log Server built:          Mar 4 2025 19:02:32 UTC
22-Mar-2025 14:47:16.016 INFO [main] org.apache.catalina.startup.VersionLoggerListener.log Server version number: 10.1.39.0
22-Mar-2025 14:47:16.016 INFO [main] org.apache.catalina.startup.VersionLoggerListener.log OS Name:               Windows 11
22-Mar-2025 14:47:16.016 INFO [main] org.apache.catalina.startup.VersionLoggerListener.log OS Version:            10.0
22-Mar-2025 14:47:16.016 INFO [main] org.apache.catalina.startup.VersionLoggerListener.log Architecture:          amd64
22-Mar-2025 14:47:16.016 INFO [main] org.apache.catalina.startup.VersionLoggerListener.log Java Home:             C:\Program Files\Java\jdk-20
22-Mar-2025 14:47:16.016 INFO [main] org.apache.catalina.startup.VersionLoggerListener.log JVM Version:           20.0.1+9-29
22-Mar-2025 14:47:16.016 INFO [main] org.apache.catalina.startup.VersionLoggerListener.log JVM Vendor:            Oracle Corporation
22-Mar-2025 14:47:16.016 INFO [main] org.apache.catalina.startup.VersionLoggerListener.log CATALINA_BASE:         C:\Users\Shekh\Desktop\hotel_site\Java\Tomcat
22-Mar-2025 14:47:16.016 INFO [main] org.apache.catalina.startup.VersionLoggerListener.log CATALINA_HOME:         C:\Program Files\Apache Software Foundation\Tomcat 10.1
22-Mar-2025 14:47:16.021 INFO [main] org.apache.catalina.startup.VersionLoggerListener.log Command line argument: --add-opens=java.base/java.lang=ALL-UNNAMED
22-Mar-2025 14:47:16.021 INFO [main] org.apache.catalina.startup.VersionLoggerListener.log Command line argument: --add-opens=java.base/java.io=ALL-UNNAMED
22-Mar-2025 14:47:16.021 INFO [main] org.apache.catalina.startup.VersionLoggerListener.log Command line argument: --add-opens=java.base/java.util=ALL-UNNAMED
22-Mar-2025 14:47:16.021 INFO [main] org.apache.catalina.startup.VersionLoggerListener.log Command line argument: --add-opens=java.base/java.util.concurrent=ALL-UNNAMED
22-Mar-2025 14:47:16.021 INFO [main] org.apache.catalina.startup.VersionLoggerListener.log Command line argument: --add-opens=java.rmi/sun.rmi.transport=ALL-UNNAMED
22-Mar-2025 14:47:16.021 INFO [main] org.apache.catalina.startup.VersionLoggerListener.log Command line argument: -Dcatalina.home=C:\Program Files\Apache Software Foundation\Tomcat 10.1
22-Mar-2025 14:47:16.022 INFO [main] org.apache.catalina.startup.VersionLoggerListener.log Command line argument: -Dcatalina.base=C:\Users\Shekh\Desktop\hotel_site\Java\Tomcat
22-Mar-2025 14:47:16.022 INFO [main] org.apache.catalina.startup.VersionLoggerListener.log Command line argument: -Djava.io.tmpdir=C:\Users\Shekh\Desktop\hotel_site\Java\Tomcat\temp
22-Mar-2025 14:47:16.022 INFO [main] org.apache.catalina.startup.VersionLoggerListener.log Command line argument: -Djava.util.logging.config.file=C:\Users\Shekh\Desktop\hotel_site\Java\Tomcat\conf\logging.properties
22-Mar-2025 14:47:16.022 INFO [main] org.apache.catalina.startup.VersionLoggerListener.log Command line argument: -Djava.util.logging.manager=org.apache.juli.ClassLoaderLogManager
22-Mar-2025 14:47:16.022 INFO [main] org.apache.catalina.startup.VersionLoggerListener.log Command line argument: -javaagent:C:\Program Files\JetBrains\IntelliJ IDEA Community Edition 2024.3.5\lib\idea_rt.jar=63713
22-Mar-2025 14:47:16.022 INFO [main] org.apache.catalina.startup.VersionLoggerListener.log Command line argument: -Dfile.encoding=UTF-8
22-Mar-2025 14:47:16.022 INFO [main] org.apache.catalina.startup.VersionLoggerListener.log Command line argument: -Dsun.stdout.encoding=UTF-8
22-Mar-2025 14:47:16.022 INFO [main] org.apache.catalina.startup.VersionLoggerListener.log Command line argument: -Dsun.stderr.encoding=UTF-8
22-Mar-2025 14:47:16.031 INFO [main] org.apache.catalina.core.AprLifecycleListener.lifecycleEvent The Apache Tomcat Native library which allows using OpenSSL was not found on the java.library.path: [C:\Program Files\Java\jdk-20\bin;C:\WINDOWS\Sun\Java\bin;C:\WINDOWS\system32;C:\WINDOWS;C:\Program Files\NVIDIA GPU Computing Toolkit\CUDA\v12.6\bin;C:\Program Files\NVIDIA GPU Computing Toolkit\CUDA\v12.6\libnvvp;C:\Program Files (x86)\Razer Chroma SDK\bin;C:\Program Files\Razer Chroma SDK\bin;C:\Program Files (x86)\Razer\ChromaBroadcast\bin;C:\Program Files\Razer\ChromaBroadcast\bin;C:\Program Files\Common Files\Oracle\Java\javapath;C:\WINDOWS\system32;C:\WINDOWS;C:\WINDOWS\System32\Wbem;C:\WINDOWS\System32\WindowsPowerShell\v1.0\;C:\WINDOWS\System32\OpenSSH\;C:\Program Files\dotnet\;C:\Program Files (x86)\NVIDIA Corporation\PhysX\Common;C:\Program Files\IVI Foundation\VISA\Win64\bin;C:\Program Files (x86)\IVI Foundation\VISA\WinNT\bin;C:\Program Files (x86)\IVI Foundation\IVI\Bin\;C:\Program Files\IVI Foundation\IVI\Bin\;C:\Program Files (x86)\IVI Foundation\VISA\WinNT\Bin\;C:\Program Files\IVI Foundation\VISA\Win64\Bin\;C:\WINDOWS\system32\config\systemprofile\AppData\Local\Microsoft\WindowsApps;C:\Users\Shekh\AppData\Local\Programs\Python\Python311\Scripts\;C:\Users\Shekh\AppData\Local\Programs\Python\Python311\;C:\Users\Shekh\AppData\Local\Microsoft\WindowsApps;C:\Users\Shekh\AppData\Local\Programs\Microsoft VS Code\bin;C:\msys64\mingw64\bin;C:\intelFPGA\18.1\modelsim_ase\win32aloem;C:\Users\Shekh\AppData\Local\GitHubDesktop\bin;C:\altera\13.1\modelsim_ase\win32aloem;C:\Users\Shekh\Documents\ytdl;C:\Users\Shekh\.dotnet\tools;C:\Program Files\Git\cmd;C;C:\Program Files\Go\bin;C:\Program Files\NVIDIA Corporation\Nsight Compute 2024.3.1\;C:\Program Files (x86)\Windows Kits\10\Windows Performance Toolkit\;C:\Program Files\Docker\Docker\resources\bin;C:\Program Files\NVIDIA Corporation\NVIDIA app\NvDLISR;C:\Program Files\MATLAB\MATLAB Production Server\R2015a\bin;C:\Program Files\nodejs\;C:\Program Files\MySQL\MySQL Shell 8.0\bin\;C:\Users\Shekh\AppData\Local\Programs\Python\Python311\Scripts\;C:\Users\Shekh\AppData\Local\Programs\Python\Python311\;C:\Users\Shekh\AppData\Local\Microsoft\WindowsApps;C:\Users\Shekh\AppData\Local\Programs\Microsoft VS Code\bin;C:\intelFPGA\18.1\modelsim_ase\win32aloem;C:\Users\Shekh\AppData\Local\GitHubDesktop\bin;C:\altera\13.1\modelsim_ase\win32aloem;C:\Users\Shekh\Documents\ytdl;C:\Users\Shekh\go\bin;C:\msys64\ucrt64\bin;C:\Program Files\CMake\bin;C:\Program Files\swipl\bin;C:\Program Files\Microsoft Visual Studio\2022\Community\VC\Tools\MSVC\14.37.32822\bin\Hostx64\x64;C:\Users\Shekh\.dotnet\tools;C:\Program Files\Microsoft Visual Studio\2022\Community\VC\Tools\MSVC\14.41.34120\bin\Hostx64\x64;;C:\Users\Shekh\AppData\Local\spicetify;C:\Users\Shekh\AppData\Roaming\npm;.]
22-Mar-2025 14:47:16.196 INFO [main] org.apache.coyote.AbstractProtocol.init Initializing ProtocolHandler ["http-nio-8080"]
22-Mar-2025 14:47:16.208 INFO [main] org.apache.catalina.startup.Catalina.load Server initialization in [296] milliseconds
22-Mar-2025 14:47:16.250 INFO [main] org.apache.catalina.core.StandardService.startInternal Starting service [Catalina]
22-Mar-2025 14:47:16.250 INFO [main] org.apache.catalina.core.StandardEngine.startInternal Starting Servlet engine: [Apache Tomcat/10.1.39]
22-Mar-2025 14:47:16.258 INFO [main] org.apache.catalina.startup.HostConfig.deployDescriptor Deploying deployment descriptor [C:\Users\Shekh\Desktop\hotel_site\Java\Tomcat\conf\Catalina\localhost\webapp.xml]
22-Mar-2025 14:47:16.486 INFO [main] org.apache.catalina.startup.HostConfig.deployDescriptor Deployment of deployment descriptor [C:\Users\Shekh\Desktop\hotel_site\Java\Tomcat\conf\Catalina\localhost\webapp.xml] has finished in [227] ms
22-Mar-2025 14:47:16.490 INFO [main] org.apache.coyote.AbstractProtocol.start Starting ProtocolHandler ["http-nio-8080"]
22-Mar-2025 14:47:16.515 INFO [main] org.apache.catalina.startup.Catalina.start Server startup in [306] milliseconds
22-Mar-2025 14:47:51.604 INFO [Thread-1] org.apache.coyote.AbstractProtocol.pause Pausing ProtocolHandler ["http-nio-8080"]
22-Mar-2025 14:47:51.629 INFO [Thread-1] org.apache.catalina.core.StandardService.stopInternal Stopping service [Catalina]
22-Mar-2025 14:47:51.639 INFO [Thread-1] org.apache.coyote.AbstractProtocol.stop Stopping ProtocolHandler ["http-nio-8080"]
22-Mar-2025 14:47:51.655 INFO [Thread-1] org.apache.coyote.AbstractProtocol.destroy Destroying ProtocolHandler ["http-nio-8080"]
